d:\university\term_4\spl - system programming languages c-c++\lab4\lab4\debug\lab4.pch
d:\university\term_4\spl - system programming languages c-c++\lab4\lab4\debug\vc141.pdb
d:\university\term_4\spl - system programming languages c-c++\lab4\lab4\debug\vc141.idb
d:\university\term_4\spl - system programming languages c-c++\lab4\lab4\debug\stdafx.obj
d:\university\term_4\spl - system programming languages c-c++\lab4\lab4\debug\shotgun.obj
d:\university\term_4\spl - system programming languages c-c++\lab4\lab4\debug\lab4.obj
d:\university\term_4\spl - system programming languages c-c++\lab4\lab4\debug\gun.obj
d:\university\term_4\spl - system programming languages c-c++\lab4\lab4\debug\m416.obj
d:\university\term_4\spl - system programming languages c-c++\lab4\lab4\debug\m16a4.obj
d:\university\term_4\spl - system programming languages c-c++\lab4\debug\lab4.pdb
d:\university\term_4\spl - system programming languages c-c++\lab4\lab4\debug\lab4.tlog\cl.command.1.tlog
d:\university\term_4\spl - system programming languages c-c++\lab4\lab4\debug\lab4.tlog\cl.read.1.tlog
d:\university\term_4\spl - system programming languages c-c++\lab4\lab4\debug\lab4.tlog\cl.write.1.tlog
d:\university\term_4\spl - system programming languages c-c++\lab4\lab4\debug\lab4.tlog\link.13620-cvtres.read.1.tlog
d:\university\term_4\spl - system programming languages c-c++\lab4\lab4\debug\lab4.tlog\link.13620-cvtres.write.1.tlog
d:\university\term_4\spl - system programming languages c-c++\lab4\lab4\debug\lab4.tlog\link.13620-rc.read.1.tlog
d:\university\term_4\spl - system programming languages c-c++\lab4\lab4\debug\lab4.tlog\link.13620-rc.write.1.tlog
d:\university\term_4\spl - system programming languages c-c++\lab4\lab4\debug\lab4.tlog\link.13620.read.1.tlog
d:\university\term_4\spl - system programming languages c-c++\lab4\lab4\debug\lab4.tlog\link.13620.write.1.tlog
d:\university\term_4\spl - system programming languages c-c++\lab4\lab4\debug\lab4.tlog\link.command.1.tlog
d:\university\term_4\spl - system programming languages c-c++\lab4\lab4\debug\lab4.tlog\link.read.1.tlog
d:\university\term_4\spl - system programming languages c-c++\lab4\lab4\debug\lab4.tlog\link.write.1.tlog
